<?xml version="1.0" encoding="UTF-8"?>
<testsuite xmlns:xsi="http://www.w3.org/2001/XMLSchema-instance" xsi:noNamespaceSchemaLocation="https://maven.apache.org/surefire/maven-surefire-plugin/xsd/surefire-test-report.xsd" version="3.0.2" name="APSV.Controller.Validacao.ControllerValidacaoApplicationTests" time="2.454" tests="1" errors="0" skipped="0" failures="0">
  <properties>
[...]
</properties>
  <testcase name="contextLoads" classname="APSV.Controller.Validacao.ControllerValidacaoApplicationTests" time="0.226">
    <system-out><![CDATA[14:10:23.183 [main] INFO org.springframework.test.context.support.AnnotationConfigContextLoaderUtils -- Could not detect default configuration classes for test class [APSV.Controller.Validacao.ControllerValidacaoApplicationTests]: ControllerValidacaoApplicationTests does not declare any static, non-private, non-final, nested classes annotated with @Configuration.
14:10:23.232 [main] INFO org.springframework.boot.test.context.SpringBootTestContextBootstrapper -- Found @SpringBootConfiguration APSV.Controller.Validacao.ControllerValidacaoApplication for test class APSV.Controller.Validacao.ControllerValidacaoApplicationTests
14:10:23.307 [main] INFO org.springframework.boot.devtools.restart.RestartApplicationListener -- Restart disabled due to context in which it is running

  .   ____          _            __ _ _
 /\\ / ___'_ __ _ _(_)_ __  __ _ \ \ \ \
( ( )\___ | '_ | '_| | '_ \/ _` | \ \ \ \
 \\/  ___)| |_)| | | | | || (_| |  ) ) ) )
  '  |____| .__|_| |_|_| |_\__, | / / / /
 =========|_|==============|___/=/_/_/_/

&amp#27;[32m :: Spring Boot :: &amp#27;[39m              &amp#27;[2m (v3.5.0)&amp#27;[0;39m

&amp#27;[2m2025-06-01T14:10:23.425-03:00&amp#27;[0;39m &amp#27;[32m INFO&amp#27;[0;39m &amp#27;[35m2929&amp#27;[0;39m &amp#27;[2m--- [Controller-Validacao] [           main] &amp#27;[0;39m&amp#27;[36m.C.V.ControllerValidacaoApplicationTests&amp#27;[0;39m &amp#27;[2m:&amp#27;[0;39m Starting ControllerValidacaoApplicationTests using Java 17.0.14 with PID 2929 (started by stheltorres in /Applications/Documentos/semestre 5 PUC/Lab projeto de software/Repositorio/apsv-lab-software/Trabalho/backend)
&amp#27;[2m2025-06-01T14:10:23.425-03:00&amp#27;[0;39m &amp#27;[32m INFO&amp#27;[0;39m &amp#27;[35m2929&amp#27;[0;39m &amp#27;[2m--- [Controller-Validacao] [           main] &amp#27;[0;39m&amp#27;[36m.C.V.ControllerValidacaoApplicationTests&amp#27;[0;39m &amp#27;[2m:&amp#27;[0;39m No active profile set, falling back to 1 default profile: "default"
&amp#27;[2m2025-06-01T14:10:23.789-03:00&amp#27;[0;39m &amp#27;[32m INFO&amp#27;[0;39m &amp#27;[35m2929&amp#27;[0;39m &amp#27;[2m--- [Controller-Validacao] [           main] &amp#27;[0;39m&amp#27;[36m.s.d.r.c.RepositoryConfigurationDelegate&amp#27;[0;39m &amp#27;[2m:&amp#27;[0;39m Bootstrapping Spring Data JPA repositories in DEFAULT mode.
&amp#27;[2m2025-06-01T14:10:23.813-03:00&amp#27;[0;39m &amp#27;[32m INFO&amp#27;[0;39m &amp#27;[35m2929&amp#27;[0;39m &amp#27;[2m--- [Controller-Validacao] [           main] &amp#27;[0;39m&amp#27;[36m.s.d.r.c.RepositoryConfigurationDelegate&amp#27;[0;39m &amp#27;[2m:&amp#27;[0;39m Finished Spring Data repository scanning in 19 ms. Found 4 JPA repository interfaces.
&amp#27;[2m2025-06-01T14:10:23.983-03:00&amp#27;[0;39m &amp#27;[32m INFO&amp#27;[0;39m &amp#27;[35m2929&amp#27;[0;39m &amp#27;[2m--- [Controller-Validacao] [           main] &amp#27;[0;39m&amp#27;[36mo.hibernate.jpa.internal.util.LogHelper &amp#27;[0;39m &amp#27;[2m:&amp#27;[0;39m HHH000204: Processing PersistenceUnitInfo [name: default]
&amp#27;[2m2025-06-01T14:10:24.007-03:00&amp#27;[0;39m &amp#27;[32m INFO&amp#27;[0;39m &amp#27;[35m2929&amp#27;[0;39m &amp#27;[2m--- [Controller-Validacao] [           main] &amp#27;[0;39m&amp#27;[36morg.hibernate.Version                   &amp#27;[0;39m &amp#27;[2m:&amp#27;[0;39m HHH000412: Hibernate ORM core version 6.6.15.Final
&amp#27;[2m2025-06-01T14:10:24.024-03:00&amp#27;[0;39m &amp#27;[32m INFO&amp#27;[0;39m &amp#27;[35m2929&amp#27;[0;39m &amp#27;[2m--- [Controller-Validacao] [           main] &amp#27;[0;39m&amp#27;[36mo.h.c.internal.RegionFactoryInitiator   &amp#27;[0;39m &amp#27;[2m:&amp#27;[0;39m HHH000026: Second-level cache disabled
&amp#27;[2m2025-06-01T14:10:24.140-03:00&amp#27;[0;39m &amp#27;[32m INFO&amp#27;[0;39m &amp#27;[35m2929&amp#27;[0;39m &amp#27;[2m--- [Controller-Validacao] [           main] &amp#27;[0;39m&amp#27;[36mo.s.o.j.p.SpringPersistenceUnitInfo     &amp#27;[0;39m &amp#27;[2m:&amp#27;[0;39m No LoadTimeWeaver setup: ignoring JPA class transformer
&amp#27;[2m2025-06-01T14:10:24.152-03:00&amp#27;[0;39m &amp#27;[32m INFO&amp#27;[0;39m &amp#27;[35m2929&amp#27;[0;39m &amp#27;[2m--- [Controller-Validacao] [           main] &amp#27;[0;39m&amp#27;[36mcom.zaxxer.hikari.HikariDataSource      &amp#27;[0;39m &amp#27;[2m:&amp#27;[0;39m HikariPool-1 - Starting...
&amp#27;[2m2025-06-01T14:10:24.341-03:00&amp#27;[0;39m &amp#27;[32m INFO&amp#27;[0;39m &amp#27;[35m2929&amp#27;[0;39m &amp#27;[2m--- [Controller-Validacao] [           main] &amp#27;[0;39m&amp#27;[36mcom.zaxxer.hikari.pool.HikariPool       &amp#27;[0;39m &amp#27;[2m:&amp#27;[0;39m HikariPool-1 - Added connection com.mysql.cj.jdbc.ConnectionImpl@66e12c3b
&amp#27;[2m2025-06-01T14:10:24.342-03:00&amp#27;[0;39m &amp#27;[32m INFO&amp#27;[0;39m &amp#27;[35m2929&amp#27;[0;39m &amp#27;[2m--- [Controller-Validacao] [           main] &amp#27;[0;39m&amp#27;[36mcom.zaxxer.hikari.HikariDataSource      &amp#27;[0;39m &amp#27;[2m:&amp#27;[0;39m HikariPool-1 - Start completed.
&amp#27;[2m2025-06-01T14:10:24.380-03:00&amp#27;[0;39m &amp#27;[33m WARN&amp#27;[0;39m &amp#27;[35m2929&amp#27;[0;39m &amp#27;[2m--- [Controller-Validacao] [           main] &amp#27;[0;39m&amp#27;[36morg.hibernate.orm.deprecation           &amp#27;[0;39m &amp#27;[2m:&amp#27;[0;39m HHH90000025: MySQL8Dialect does not need to be specified explicitly using 'hibernate.dialect' (remove the property setting and it will be selected by default)
&amp#27;[2m2025-06-01T14:10:24.381-03:00&amp#27;[0;39m &amp#27;[33m WARN&amp#27;[0;39m &amp#27;[35m2929&amp#27;[0;39m &amp#27;[2m--- [Controller-Validacao] [           main] &amp#27;[0;39m&amp#27;[36morg.hibernate.orm.deprecation           &amp#27;[0;39m &amp#27;[2m:&amp#27;[0;39m HHH90000026: MySQL8Dialect has been deprecated; use org.hibernate.dialect.MySQLDialect instead
&amp#27;[2m2025-06-01T14:10:24.393-03:00&amp#27;[0;39m &amp#27;[32m INFO&amp#27;[0;39m &amp#27;[35m2929&amp#27;[0;39m &amp#27;[2m--- [Controller-Validacao] [           main] &amp#27;[0;39m&amp#27;[36morg.hibernate.orm.connections.pooling   &amp#27;[0;39m &amp#27;[2m:&amp#27;[0;39m HHH10001005: Database info:
	Database JDBC URL [Connecting through datasource 'HikariDataSource (HikariPool-1)']
	Database driver: undefined/unknown
	Database version: 8.0
	Autocommit mode: undefined/unknown
	Isolation level: undefined/unknown
	Minimum pool size: undefined/unknown
	Maximum pool size: undefined/unknown
&amp#27;[2m2025-06-01T14:10:24.761-03:00&amp#27;[0;39m &amp#27;[32m INFO&amp#27;[0;39m &amp#27;[35m2929&amp#27;[0;39m &amp#27;[2m--- [Controller-Validacao] [           main] &amp#27;[0;39m&amp#27;[36mo.h.e.t.j.p.i.JtaPlatformInitiator      &amp#27;[0;39m &amp#27;[2m:&amp#27;[0;39m HHH000489: No JTA platform available (set 'hibernate.transaction.jta.platform' to enable JTA platform integration)
Hibernate: create table empresa_parceira (id bigint not null auto_increment, cnpj varchar(255), email varchar(255), moedas integer, nome varchar(255), senha varchar(255), primary key (id)) engine=InnoDB
Hibernate: create table transacao (id bigint not null auto_increment, data datetime(6), motivo varchar(255), quantidade integer, destino_id bigint, origem_id bigint, primary key (id)) engine=InnoDB
Hibernate: alter table usuario add column tipo varchar(255)
Hibernate: alter table transacao add constraint FKj7gbqrbqb8jx1ao43ottfciac foreign key (destino_id) references usuario (id)
Hibernate: alter table transacao add constraint FKsi6i37gn7hpjh7k99786j4oqk foreign key (origem_id) references usuario (id)
&amp#27;[2m2025-06-01T14:10:24.839-03:00&amp#27;[0;39m &amp#27;[32m INFO&amp#27;[0;39m &amp#27;[35m2929&amp#27;[0;39m &amp#27;[2m--- [Controller-Validacao] [           main] &amp#27;[0;39m&amp#27;[36mj.LocalContainerEntityManagerFactoryBean&amp#27;[0;39m &amp#27;[2m:&amp#27;[0;39m Initialized JPA EntityManagerFactory for persistence unit 'default'
&amp#27;[2m2025-06-01T14:10:25.060-03:00&amp#27;[0;39m &amp#27;[33m WARN&amp#27;[0;39m &amp#27;[35m2929&amp#27;[0;39m &amp#27;[2m--- [Controller-Validacao] [           main] &amp#27;[0;39m&amp#27;[36mJpaBaseConfiguration$JpaWebConfiguration&amp#27;[0;39m &amp#27;[2m:&amp#27;[0;39m spring.jpa.open-in-view is enabled by default. Therefore, database queries may be performed during view rendering. Explicitly configure spring.jpa.open-in-view to disable this warning
&amp#27;[2m2025-06-01T14:10:25.070-03:00&amp#27;[0;39m &amp#27;[32m INFO&amp#27;[0;39m &amp#27;[35m2929&amp#27;[0;39m &amp#27;[2m--- [Controller-Validacao] [           main] &amp#27;[0;39m&amp#27;[36mo.s.b.a.w.s.WelcomePageHandlerMapping   &amp#27;[0;39m &amp#27;[2m:&amp#27;[0;39m Adding welcome page: class path resource [static/index.html]
&amp#27;[2m2025-06-01T14:10:25.280-03:00&amp#27;[0;39m &amp#27;[32m INFO&amp#27;[0;39m &amp#27;[35m2929&amp#27;[0;39m &amp#27;[2m--- [Controller-Validacao] [           main] &amp#27;[0;39m&amp#27;[36mo.s.b.a.e.web.EndpointLinksResolver     &amp#27;[0;39m &amp#27;[2m:&amp#27;[0;39m Exposing 1 endpoint beneath base path '/actuator'
&amp#27;[2m2025-06-01T14:10:25.325-03:00&amp#27;[0;39m &amp#27;[32m INFO&amp#27;[0;39m &amp#27;[35m2929&amp#27;[0;39m &amp#27;[2m--- [Controller-Validacao] [           main] &amp#27;[0;39m&amp#27;[36m.C.V.ControllerValidacaoApplicationTests&amp#27;[0;39m &amp#27;[2m:&amp#27;[0;39m Started ControllerValidacaoApplicationTests in 2.025 seconds (process running for 2.424)
]]></system-out>
  </testcase>
</testsuite>